<?xml version="1.0" encoding="UTF-8"?>
<testsuite xmlns:xsi="http://www.w3.org/2001/XMLSchema-instance" xsi:noNamespaceSchemaLocation="https://maven.apache.org/surefire/maven-surefire-plugin/xsd/surefire-test-report-3.0.xsd" version="3.0" name="com.mycompany.projectplanner.ProjectTest" time="0.131" tests="10" errors="0" skipped="0" failures="0">
  <properties>
[...]
</properties>
  <testcase name="testNoOverlap_AdjacentBoundary" classname="com.mycompany.projectplanner.ProjectTest" time="0.056"/>
  <testcase name="testOverlap_PartialOverlap_End" classname="com.mycompany.projectplanner.ProjectTest" time="0.002"/>
  <testcase name="testOverlap_SameStartEnd" classname="com.mycompany.projectplanner.ProjectTest" time="0.002"/>
  <testcase name="testProjectStartAndEnd_AcrossDays" classname="com.mycompany.projectplanner.ProjectTest" time="0.004"/>
  <testcase name="testProjectStartAndEnd_EmptyProject" classname="com.mycompany.projectplanner.ProjectTest" time="0.002"/>
  <testcase name="testOverlap_PartialOverlap_Start" classname="com.mycompany.projectplanner.ProjectTest" time="0.001"/>
  <testcase name="testNoOverlap_Sequential" classname="com.mycompany.projectplanner.ProjectTest" time="0.001"/>
  <testcase name="testProjectStartAndEnd_SingleTask" classname="com.mycompany.projectplanner.ProjectTest" time="0.001"/>
  <testcase name="testProjectStartAndEnd_MultipleTasks_DifferentTimes" classname="com.mycompany.projectplanner.ProjectTest" time="0.001"/>
  <testcase name="testOverlap_FullOverlap" classname="com.mycompany.projectplanner.ProjectTest" time="0.001"/>
</testsuite>